<?xml version="1.0" encoding="UTF-8"?>
<testng-results skipped="0" failed="0" ignored="0" total="1" passed="1">
  <reporter-output>
  </reporter-output>
  <suite name="Default suite" duration-ms="2924" started-at="2021-08-08T08:09:33Z" finished-at="2021-08-08T08:09:36Z">
    <groups>
    </groups>
    <test name="Default test" duration-ms="2924" started-at="2021-08-08T08:09:33Z" finished-at="2021-08-08T08:09:36Z">
      <class name="jsonSchema_test.ValidateJsonSchema_01">
        <test-method status="PASS" signature="Test_01_JSONSchema()[pri:0, instance:jsonSchema_test.ValidateJsonSchema_01@6a4f787b]" name="Test_01_JSONSchema" duration-ms="2905" started-at="2021-08-08T08:09:33Z" finished-at="2021-08-08T08:09:36Z">
          <reporter-output>
          </reporter-output>
        </test-method> <!-- Test_01_JSONSchema -->
      </class> <!-- jsonSchema_test.ValidateJsonSchema_01 -->
    </test> <!-- Default test -->
  </suite> <!-- Default suite -->
</testng-results>
